2025-12-02 09:29:02,746 - INFO - Logging initialized. Log file: C:\Users\lucas\Documents\MyCode\MyCode\Code\unity\Veil Of Valor\unity_packager_logs\unity_packager_20251202_092902.log
2025-12-02 09:29:36,246 - INFO - ======================================================================
2025-12-02 09:29:36,246 - INFO - UNITY PROJECT PACKAGER - STARTING
2025-12-02 09:29:36,246 - INFO - ======================================================================
2025-12-02 09:29:36,246 - INFO - 
[STEP 1/7] Validating Unity project...
2025-12-02 09:29:36,246 - INFO - ✓ Valid Unity project detected: Veil Of Valor
2025-12-02 09:29:36,256 - INFO - 
[STEP 2/7] Calculating project size...
2025-12-02 09:29:40,858 - INFO - Original project size: 2.02 GB
2025-12-02 09:29:40,858 - INFO - 
[STEP 3/7] Checking available disk space...
2025-12-02 09:29:40,889 - INFO - Available disk space: 954.54 GB
2025-12-02 09:29:40,889 - INFO - 
[STEP 4/7] Setting up paths...
2025-12-02 09:29:40,889 - INFO - Clean directory: C:\Users\lucas\Documents\MyCode\MyCode\Code\unity\Veil Of Valor_CLEAN
2025-12-02 09:29:40,889 - INFO - ZIP file: C:\Users\lucas\Documents\MyCode\MyCode\Code\unity\Veil Of Valor_CLEAN.zip
2025-12-02 09:29:40,890 - WARNING - Clean directory already exists: C:\Users\lucas\Documents\MyCode\MyCode\Code\unity\Veil Of Valor_CLEAN
2025-12-02 09:29:54,577 - INFO - Removing directory: Veil Of Valor_CLEAN
2025-12-02 09:29:54,582 - ERROR - ✗ Permission denied removing C:\Users\lucas\Documents\MyCode\MyCode\Code\unity\Veil Of Valor_CLEAN: [WinError 5] Access is denied: 'C:\\Users\\lucas\\Documents\\MyCode\\MyCode\\Code\\unity\\Veil Of Valor_CLEAN\\.git\\objects\\info\\commit-graph'
2025-12-02 09:29:54,582 - INFO - 
[STEP 5/7] Copying project files...
2025-12-02 09:29:55,094 - WARNING - Could not copy C:\Users\lucas\Documents\MyCode\MyCode\Code\unity\Veil Of Valor\.git\objects\info\commit-graph: [Errno 13] Permission denied: 'C:\\Users\\lucas\\Documents\\MyCode\\MyCode\\Code\\unity\\Veil Of Valor_CLEAN\\.git\\objects\\info\\commit-graph'
2025-12-02 09:29:55,103 - WARNING - Could not copy C:\Users\lucas\Documents\MyCode\MyCode\Code\unity\Veil Of Valor\.git\objects\pack\pack-9042a62d8b742c3bdb7d652948494f422508d550.idx: [Errno 13] Permission denied: 'C:\\Users\\lucas\\Documents\\MyCode\\MyCode\\Code\\unity\\Veil Of Valor_CLEAN\\.git\\objects\\pack\\pack-9042a62d8b742c3bdb7d652948494f422508d550.idx'
2025-12-02 09:29:55,110 - WARNING - Could not copy C:\Users\lucas\Documents\MyCode\MyCode\Code\unity\Veil Of Valor\.git\objects\pack\pack-9042a62d8b742c3bdb7d652948494f422508d550.pack: [Errno 13] Permission denied: 'C:\\Users\\lucas\\Documents\\MyCode\\MyCode\\Code\\unity\\Veil Of Valor_CLEAN\\.git\\objects\\pack\\pack-9042a62d8b742c3bdb7d652948494f422508d550.pack'
2025-12-02 09:29:55,116 - WARNING - Could not copy C:\Users\lucas\Documents\MyCode\MyCode\Code\unity\Veil Of Valor\.git\objects\pack\pack-9042a62d8b742c3bdb7d652948494f422508d550.rev: [Errno 13] Permission denied: 'C:\\Users\\lucas\\Documents\\MyCode\\MyCode\\Code\\unity\\Veil Of Valor_CLEAN\\.git\\objects\\pack\\pack-9042a62d8b742c3bdb7d652948494f422508d550.rev'
2025-12-02 09:29:56,187 - INFO - ✓ Copied 176 items from Veil Of Valor
2025-12-02 09:29:56,187 - INFO - 
[STEP 6/7] Removing unnecessary files...
2025-12-02 09:29:56,188 - INFO - ✓ Removed 10 unnecessary folders
2025-12-02 09:29:56,189 - INFO - ✓ Removed 2 unnecessary files
2025-12-02 09:29:56,201 - INFO - Clean project size: 678.03 MB
2025-12-02 09:29:56,201 - INFO - Size reduced by: 1.35 GB (67.2%)
2025-12-02 09:29:56,201 - INFO - 
[STEP 7/7] Creating ZIP archive...
2025-12-02 09:29:56,201 - INFO - Removing existing ZIP file: C:\Users\lucas\Documents\MyCode\MyCode\Code\unity\Veil Of Valor_CLEAN.zip
2025-12-02 09:29:56,202 - INFO - Creating ZIP archive: Veil Of Valor_CLEAN.zip
2025-12-02 09:30:09,701 - INFO - ✓ Created ZIP archive with 149 files
2025-12-02 09:30:09,701 - INFO - ✓ ZIP size: 667.07 MB
2025-12-02 09:30:09,702 - INFO - 
Cleaning up temporary files...
2025-12-02 09:30:09,702 - INFO - Removing directory: Veil Of Valor_CLEAN
2025-12-02 09:30:09,706 - ERROR - ✗ Permission denied removing C:\Users\lucas\Documents\MyCode\MyCode\Code\unity\Veil Of Valor_CLEAN: [WinError 5] Access is denied: 'C:\\Users\\lucas\\Documents\\MyCode\\MyCode\\Code\\unity\\Veil Of Valor_CLEAN\\.git\\objects\\info\\commit-graph'
2025-12-02 09:30:09,706 - INFO - 
======================================================================
2025-12-02 09:30:09,706 - INFO - PACKAGING COMPLETED SUCCESSFULLY!
2025-12-02 09:30:09,706 - INFO - ======================================================================
2025-12-02 09:30:09,706 - INFO - Original size:  2.02 GB
2025-12-02 09:30:09,707 - INFO - Package size:   667.07 MB
2025-12-02 09:30:09,707 - INFO - Reduction:      1.35 GB (67.2%)
2025-12-02 09:30:09,707 - INFO - Output file:    C:\Users\lucas\Documents\MyCode\MyCode\Code\unity\Veil Of Valor_CLEAN.zip
2025-12-02 09:30:09,707 - INFO - ======================================================================
2025-12-02 09:37:26,346 - INFO - 
Operation cancelled by user (Ctrl+C)
